<?xml version="1.0" encoding="UTF-8"?>
<!-- Generated by org.testng.reporters.JUnitReportReporter -->
<testsuite hostname="Shift-PC01" name="functional.SaksFifthLoginFunctionality" tests="2" failures="0" timestamp="7 Apr 2018 18:21:06 GMT" time="86.550" errors="0">
  <testcase name="loginFunctionality[1 - Browser - cloud_chrome_64]" time="56.364" classname="functional.SaksFifthLoginFunctionality"/>
  <testcase name="loginFunctionality[0 - Browser - chrome]" time="30.186" classname="functional.SaksFifthLoginFunctionality"/>
</testsuite> <!-- functional.SaksFifthLoginFunctionality -->
